<?xml version="1.0" encoding="UTF-8"?>
<!-- Generated by org.testng.reporters.JUnitXMLReporter -->
<testsuite ignored="1" hostname="MTLP-3207" failures="1" tests="1" name="Default test" time="45.334" errors="0" timestamp="31 Mar 2023 11:29:47 GMT">
  <testcase classname="com.qa.DPS.Tests.LoginpageTest" name="VerifyLogin" time="32.774">
    <failure type="com.microsoft.playwright.TimeoutError" message="Error {
  message=&amp;apos;Timeout 30000ms exceeded.
=========================== logs ===========================
waiting for locator(&amp;quot;xpath=//h1[contains(text(),&amp;apos;Fisker Ocean&amp;apos;)]&amp;quot;)
============================================================
  name=&amp;apos;TimeoutError
  stack=&amp;apos;TimeoutError: Timeout 30000ms exceeded.
=========================== logs ===========================
waiting for locator(&amp;quot;xpath=//h1[contains(text(),&amp;apos;Fisker Ocean&amp;apos;)]&amp;quot;)
============================================================
    at ProgressController.run (C:\Users\vishalku\AppData\Local\Temp\playwright-java-13710034078151301383\package\lib\server\progress.js:88:26)
    at Frame._callOnElementOnceMatches (C:\Users\vishalku\AppData\Local\Temp\playwright-java-13710034078151301383\package\lib\server\frames.js:1386:23)
    at Frame.textContent (C:\Users\vishalku\AppData\Local\Temp\playwright-java-13710034078151301383\package\lib\server\frames.js:1052:17)
    at FrameDispatcher.textContent (C:\Users\vishalku\AppData\Local\Temp\playwright-java-13710034078151301383\package\lib\server\dispatchers\frameDispatcher.js:170:37)
    at DispatcherConnection.dispatch (C:\Users\vishalku\AppData\Local\Temp\playwright-java-13710034078151301383\package\lib\server\dispatchers\dispatcher.js:312:46)
}">
      <![CDATA[com.microsoft.playwright.TimeoutError: Error {
  message='Timeout 30000ms exceeded.
=========================== logs ===========================
waiting for locator("xpath=//h1[contains(text(),'Fisker Ocean')]")
============================================================
  name='TimeoutError
  stack='TimeoutError: Timeout 30000ms exceeded.
=========================== logs ===========================
waiting for locator("xpath=//h1[contains(text(),'Fisker Ocean')]")
============================================================
    at ProgressController.run (C:\Users\vishalku\AppData\Local\Temp\playwright-java-13710034078151301383\package\lib\server\progress.js:88:26)
    at Frame._callOnElementOnceMatches (C:\Users\vishalku\AppData\Local\Temp\playwright-java-13710034078151301383\package\lib\server\frames.js:1386:23)
    at Frame.textContent (C:\Users\vishalku\AppData\Local\Temp\playwright-java-13710034078151301383\package\lib\server\frames.js:1052:17)
    at FrameDispatcher.textContent (C:\Users\vishalku\AppData\Local\Temp\playwright-java-13710034078151301383\package\lib\server\dispatchers\frameDispatcher.js:170:37)
    at DispatcherConnection.dispatch (C:\Users\vishalku\AppData\Local\Temp\playwright-java-13710034078151301383\package\lib\server\dispatchers\dispatcher.js:312:46)
}
at com.microsoft.playwright.impl.WaitableResult.get(WaitableResult.java:52)
at com.microsoft.playwright.impl.ChannelOwner.runUntil(ChannelOwner.java:111)
at com.microsoft.playwright.impl.Connection.sendMessage(Connection.java:126)
at com.microsoft.playwright.impl.ChannelOwner.sendMessage(ChannelOwner.java:102)
at com.microsoft.playwright.impl.FrameImpl.textContentImpl(FrameImpl.java:822)
at com.microsoft.playwright.impl.PageImpl.lambda$textContent$78(PageImpl.java:1215)
at com.microsoft.playwright.impl.LoggingSupport.withLogging(LoggingSupport.java:47)
at com.microsoft.playwright.impl.ChannelOwner.withLogging(ChannelOwner.java:87)
at com.microsoft.playwright.impl.PageImpl.textContent(PageImpl.java:1214)
at com.microsoft.playwright.Page.textContent(Page.java:6861)
at com.qa.DPS.Pages.Homepage.getHeaderMSG(Homepage.java:37)
at com.qa.DPS.Tests.LoginpageTest.VerifyLogin(LoginpageTest.java:26)
at java.base/jdk.internal.reflect.NativeMethodAccessorImpl.invoke0(Native Method)
at java.base/jdk.internal.reflect.NativeMethodAccessorImpl.invoke(NativeMethodAccessorImpl.java:77)
at java.base/jdk.internal.reflect.DelegatingMethodAccessorImpl.invoke(DelegatingMethodAccessorImpl.java:43)
at java.base/java.lang.reflect.Method.invoke(Method.java:568)
at org.testng.internal.MethodInvocationHelper.invokeMethod(MethodInvocationHelper.java:124)
at org.testng.internal.Invoker.invokeMethod(Invoker.java:583)
at org.testng.internal.Invoker.invokeTestMethod(Invoker.java:719)
at org.testng.internal.Invoker.invokeTestMethods(Invoker.java:989)
at org.testng.internal.TestMethodWorker.invokeTestMethods(TestMethodWorker.java:125)
at org.testng.internal.TestMethodWorker.run(TestMethodWorker.java:109)
at org.testng.TestRunner.privateRun(TestRunner.java:648)
at org.testng.TestRunner.run(TestRunner.java:505)
at org.testng.SuiteRunner.runTest(SuiteRunner.java:455)
at org.testng.SuiteRunner.runSequentially(SuiteRunner.java:450)
at org.testng.SuiteRunner.privateRun(SuiteRunner.java:415)
at org.testng.SuiteRunner.run(SuiteRunner.java:364)
at org.testng.SuiteRunnerWorker.runSuite(SuiteRunnerWorker.java:52)
at org.testng.SuiteRunnerWorker.run(SuiteRunnerWorker.java:84)
at org.testng.TestNG.runSuitesSequentially(TestNG.java:1208)
at org.testng.TestNG.runSuitesLocally(TestNG.java:1137)
at org.testng.TestNG.runSuites(TestNG.java:1049)
at org.testng.TestNG.run(TestNG.java:1017)
at org.testng.remote.AbstractRemoteTestNG.run(AbstractRemoteTestNG.java:115)
at org.testng.remote.RemoteTestNG.initAndRun(RemoteTestNG.java:251)
at org.testng.remote.RemoteTestNG.main(RemoteTestNG.java:77)
Caused by: com.microsoft.playwright.TimeoutError: Error {
  message='Timeout 30000ms exceeded.
=========================== logs ===========================
waiting for locator("xpath=//h1[contains(text(),'Fisker Ocean')]")
============================================================
  name='TimeoutError
  stack='TimeoutError: Timeout 30000ms exceeded.
=========================== logs ===========================
waiting for locator("xpath=//h1[contains(text(),'Fisker Ocean')]")
============================================================
    at ProgressController.run (C:\Users\vishalku\AppData\Local\Temp\playwright-java-13710034078151301383\package\lib\server\progress.js:88:26)
    at Frame._callOnElementOnceMatches (C:\Users\vishalku\AppData\Local\Temp\playwright-java-13710034078151301383\package\lib\server\frames.js:1386:23)
    at Frame.textContent (C:\Users\vishalku\AppData\Local\Temp\playwright-java-13710034078151301383\package\lib\server\frames.js:1052:17)
    at FrameDispatcher.textContent (C:\Users\vishalku\AppData\Local\Temp\playwright-java-13710034078151301383\package\lib\server\dispatchers\frameDispatcher.js:170:37)
    at DispatcherConnection.dispatch (C:\Users\vishalku\AppData\Local\Temp\playwright-java-13710034078151301383\package\lib\server\dispatchers\dispatcher.js:312:46)
}
at com.microsoft.playwright.impl.Connection.dispatch(Connection.java:224)
at com.microsoft.playwright.impl.Connection.processOneMessage(Connection.java:206)
at com.microsoft.playwright.impl.ChannelOwner.runUntil(ChannelOwner.java:109)
... 35 more
]]>
    </failure>
  </testcase> <!-- VerifyLogin -->
  <testcase classname="com.qa.DPS.Tests.LoginpageTest" name="VerifyClickAccountlnk" time="0.0">
    <ignored/>
  </testcase> <!-- VerifyClickAccountlnk -->
</testsuite> <!-- Default test -->
