<?xml version="1.0" encoding="UTF-8"?>
<!-- Generated by org.testng.reporters.JUnitXMLReporter -->
<testsuite ignored="0" hostname="MTLP-3207" failures="1" tests="2" name="Login Test" time="47.886" errors="0" timestamp="30 Mar 2023 17:01:23 GMT">
  <testcase classname="com.qa.DPS.Tests.LoginpageTest" name="VerifyClickAccountlnk" time="2.019"/>
  <testcase classname="com.qa.DPS.Tests.LoginpageTest" name="VerifyLogin" time="30.398">
    <failure type="com.microsoft.playwright.TimeoutError" message="Error {
  message=&amp;apos;Timeout 30000ms exceeded.
=========================== logs ===========================
waiting for locator(&amp;quot;xpath=//h1[contains(text(),&amp;apos;Fisker Ocean&amp;apos;)]&amp;quot;)
============================================================
  name=&amp;apos;TimeoutError
  stack=&amp;apos;TimeoutError: Timeout 30000ms exceeded.
=========================== logs ===========================
waiting for locator(&amp;quot;xpath=//h1[contains(text(),&amp;apos;Fisker Ocean&amp;apos;)]&amp;quot;)
============================================================
    at ProgressController.run (C:\Users\vishalku\AppData\Local\Temp\playwright-java-6347017458527687718\package\lib\server\progress.js:88:26)
    at Frame._callOnElementOnceMatches (C:\Users\vishalku\AppData\Local\Temp\playwright-java-6347017458527687718\package\lib\server\frames.js:1386:23)
    at Frame.textContent (C:\Users\vishalku\AppData\Local\Temp\playwright-java-6347017458527687718\package\lib\server\frames.js:1052:17)
    at FrameDispatcher.textContent (C:\Users\vishalku\AppData\Local\Temp\playwright-java-6347017458527687718\package\lib\server\dispatchers\frameDispatcher.js:170:37)
    at DispatcherConnection.dispatch (C:\Users\vishalku\AppData\Local\Temp\playwright-java-6347017458527687718\package\lib\server\dispatchers\dispatcher.js:312:46)
}">
      <![CDATA[com.microsoft.playwright.TimeoutError: Error {
  message='Timeout 30000ms exceeded.
=========================== logs ===========================
waiting for locator("xpath=//h1[contains(text(),'Fisker Ocean')]")
============================================================
  name='TimeoutError
  stack='TimeoutError: Timeout 30000ms exceeded.
=========================== logs ===========================
waiting for locator("xpath=//h1[contains(text(),'Fisker Ocean')]")
============================================================
    at ProgressController.run (C:\Users\vishalku\AppData\Local\Temp\playwright-java-6347017458527687718\package\lib\server\progress.js:88:26)
    at Frame._callOnElementOnceMatches (C:\Users\vishalku\AppData\Local\Temp\playwright-java-6347017458527687718\package\lib\server\frames.js:1386:23)
    at Frame.textContent (C:\Users\vishalku\AppData\Local\Temp\playwright-java-6347017458527687718\package\lib\server\frames.js:1052:17)
    at FrameDispatcher.textContent (C:\Users\vishalku\AppData\Local\Temp\playwright-java-6347017458527687718\package\lib\server\dispatchers\frameDispatcher.js:170:37)
    at DispatcherConnection.dispatch (C:\Users\vishalku\AppData\Local\Temp\playwright-java-6347017458527687718\package\lib\server\dispatchers\dispatcher.js:312:46)
}
at com.microsoft.playwright.impl.WaitableResult.get(WaitableResult.java:52)
at com.microsoft.playwright.impl.ChannelOwner.runUntil(ChannelOwner.java:111)
at com.microsoft.playwright.impl.Connection.sendMessage(Connection.java:126)
at com.microsoft.playwright.impl.ChannelOwner.sendMessage(ChannelOwner.java:102)
at com.microsoft.playwright.impl.FrameImpl.textContentImpl(FrameImpl.java:822)
at com.microsoft.playwright.impl.PageImpl.lambda$textContent$78(PageImpl.java:1215)
at com.microsoft.playwright.impl.LoggingSupport.withLogging(LoggingSupport.java:47)
at com.microsoft.playwright.impl.ChannelOwner.withLogging(ChannelOwner.java:87)
at com.microsoft.playwright.impl.PageImpl.textContent(PageImpl.java:1214)
at com.microsoft.playwright.Page.textContent(Page.java:6861)
at com.qa.DPS.Pages.Homepage.getHeaderMSG(Homepage.java:37)
at com.qa.DPS.Tests.LoginpageTest.VerifyLogin(LoginpageTest.java:26)
Caused by: com.microsoft.playwright.TimeoutError: Error {
  message='Timeout 30000ms exceeded.
=========================== logs ===========================
waiting for locator("xpath=//h1[contains(text(),'Fisker Ocean')]")
============================================================
  name='TimeoutError
  stack='TimeoutError: Timeout 30000ms exceeded.
=========================== logs ===========================
waiting for locator("xpath=//h1[contains(text(),'Fisker Ocean')]")
============================================================
    at ProgressController.run (C:\Users\vishalku\AppData\Local\Temp\playwright-java-6347017458527687718\package\lib\server\progress.js:88:26)
    at Frame._callOnElementOnceMatches (C:\Users\vishalku\AppData\Local\Temp\playwright-java-6347017458527687718\package\lib\server\frames.js:1386:23)
    at Frame.textContent (C:\Users\vishalku\AppData\Local\Temp\playwright-java-6347017458527687718\package\lib\server\frames.js:1052:17)
    at FrameDispatcher.textContent (C:\Users\vishalku\AppData\Local\Temp\playwright-java-6347017458527687718\package\lib\server\dispatchers\frameDispatcher.js:170:37)
    at DispatcherConnection.dispatch (C:\Users\vishalku\AppData\Local\Temp\playwright-java-6347017458527687718\package\lib\server\dispatchers\dispatcher.js:312:46)
}
at com.microsoft.playwright.impl.Connection.dispatch(Connection.java:224)
at com.microsoft.playwright.impl.Connection.processOneMessage(Connection.java:206)
at com.microsoft.playwright.impl.ChannelOwner.runUntil(ChannelOwner.java:109)
... 35 more
... Removed 25 stack frames]]>
    </failure>
  </testcase> <!-- VerifyLogin -->
</testsuite> <!-- Login Test -->
