<?xml version="1.0" encoding="UTF-8"?>
<!-- Generated by org.testng.reporters.JUnitXMLReporter -->
<testsuite ignored="0" hostname="MTLP-3207" failures="0" tests="2" name="Reservation Test" time="120.982" errors="0" timestamp="10 Apr 2023 13:24:12 GMT">
  <testcase classname="com.qa.DPS.Tests.CreatereservationpageTest" name="VerifyFirstOceanReservation" time="31.315"/>
  <testcase classname="com.qa.DPS.Tests.CreatereservationpageTest" name="VerifySecondOceanReservation" time="50.356"/>
</testsuite> <!-- Reservation Test -->
