<?xml version="1.0" encoding="UTF-8"?>
<!-- Generated by org.testng.reporters.JUnitXMLReporter -->
<testsuite ignored="0" hostname="MTLP-3207" failures="0" tests="2" name="Reservation Test" time="60.916" errors="0" timestamp="06 Apr 2023 09:37:18 GMT">
  <testcase classname="com.qa.DPS.Tests.CreatereservationpageTest" name="VerifyFirstOceanReservation" time="20.778"/>
  <testcase classname="com.qa.DPS.Tests.CreatereservationpageTest" name="VerifySecondOceanReservation" time="17.579"/>
</testsuite> <!-- Reservation Test -->
