<?xml version="1.0" encoding="UTF-8"?>
<testng-results ignored="0" total="2" passed="1" failed="1" skipped="0">
  <reporter-output>
  </reporter-output>
  <suite started-at="2023-03-30T17:00:36Z" name="Suite" finished-at="2023-03-30T17:01:23Z" duration-ms="47886">
    <groups>
    </groups>
    <test started-at="2023-03-30T17:00:36Z" name="Login Test" finished-at="2023-03-30T17:01:23Z" duration-ms="47886">
      <class name="com.qa.DPS.Tests.LoginpageTest">
        <test-method is-config="true" signature="setup()[pri:0, instance:com.qa.DPS.Tests.LoginpageTest@65b3a85a]" started-at="2023-03-30T17:00:36Z" name="setup" finished-at="2023-03-30T17:00:50Z" duration-ms="14039" status="PASS">
          <reporter-output>
          </reporter-output>
        </test-method> <!-- setup -->
        <test-method signature="VerifyClickAccountlnk()[pri:1, instance:com.qa.DPS.Tests.LoginpageTest@65b3a85a]" started-at="2023-03-30T17:00:50Z" name="VerifyClickAccountlnk" finished-at="2023-03-30T17:00:52Z" duration-ms="2019" status="PASS">
          <reporter-output>
          </reporter-output>
        </test-method> <!-- VerifyClickAccountlnk -->
        <test-method signature="VerifyLogin()[pri:1, instance:com.qa.DPS.Tests.LoginpageTest@65b3a85a]" started-at="2023-03-30T17:00:52Z" name="VerifyLogin" finished-at="2023-03-30T17:01:22Z" duration-ms="30398" status="FAIL">
          <exception class="com.microsoft.playwright.TimeoutError">
            <message>
              <![CDATA[Error {
  message='Timeout 30000ms exceeded.
=========================== logs ===========================
waiting for locator("xpath=//h1[contains(text(),'Fisker Ocean')]")
============================================================
  name='TimeoutError
  stack='TimeoutError: Timeout 30000ms exceeded.
=========================== logs ===========================
waiting for locator("xpath=//h1[contains(text(),'Fisker Ocean')]")
============================================================
    at ProgressController.run (C:\Users\vishalku\AppData\Local\Temp\playwright-java-6347017458527687718\package\lib\server\progress.js:88:26)
    at Frame._callOnElementOnceMatches (C:\Users\vishalku\AppData\Local\Temp\playwright-java-6347017458527687718\package\lib\server\frames.js:1386:23)
    at Frame.textContent (C:\Users\vishalku\AppData\Local\Temp\playwright-java-6347017458527687718\package\lib\server\frames.js:1052:17)
    at FrameDispatcher.textContent (C:\Users\vishalku\AppData\Local\Temp\playwright-java-6347017458527687718\package\lib\server\dispatchers\frameDispatcher.js:170:37)
    at DispatcherConnection.dispatch (C:\Users\vishalku\AppData\Local\Temp\playwright-java-6347017458527687718\package\lib\server\dispatchers\dispatcher.js:312:46)
}]]>
            </message>
            <full-stacktrace>
              <![CDATA[com.microsoft.playwright.TimeoutError: Error {
  message='Timeout 30000ms exceeded.
=========================== logs ===========================
waiting for locator("xpath=//h1[contains(text(),'Fisker Ocean')]")
============================================================
  name='TimeoutError
  stack='TimeoutError: Timeout 30000ms exceeded.
=========================== logs ===========================
waiting for locator("xpath=//h1[contains(text(),'Fisker Ocean')]")
============================================================
    at ProgressController.run (C:\Users\vishalku\AppData\Local\Temp\playwright-java-6347017458527687718\package\lib\server\progress.js:88:26)
    at Frame._callOnElementOnceMatches (C:\Users\vishalku\AppData\Local\Temp\playwright-java-6347017458527687718\package\lib\server\frames.js:1386:23)
    at Frame.textContent (C:\Users\vishalku\AppData\Local\Temp\playwright-java-6347017458527687718\package\lib\server\frames.js:1052:17)
    at FrameDispatcher.textContent (C:\Users\vishalku\AppData\Local\Temp\playwright-java-6347017458527687718\package\lib\server\dispatchers\frameDispatcher.js:170:37)
    at DispatcherConnection.dispatch (C:\Users\vishalku\AppData\Local\Temp\playwright-java-6347017458527687718\package\lib\server\dispatchers\dispatcher.js:312:46)
}
at com.microsoft.playwright.impl.WaitableResult.get(WaitableResult.java:52)
at com.microsoft.playwright.impl.ChannelOwner.runUntil(ChannelOwner.java:111)
at com.microsoft.playwright.impl.Connection.sendMessage(Connection.java:126)
at com.microsoft.playwright.impl.ChannelOwner.sendMessage(ChannelOwner.java:102)
at com.microsoft.playwright.impl.FrameImpl.textContentImpl(FrameImpl.java:822)
at com.microsoft.playwright.impl.PageImpl.lambda$textContent$78(PageImpl.java:1215)
at com.microsoft.playwright.impl.LoggingSupport.withLogging(LoggingSupport.java:47)
at com.microsoft.playwright.impl.ChannelOwner.withLogging(ChannelOwner.java:87)
at com.microsoft.playwright.impl.PageImpl.textContent(PageImpl.java:1214)
at com.microsoft.playwright.Page.textContent(Page.java:6861)
at com.qa.DPS.Pages.Homepage.getHeaderMSG(Homepage.java:37)
at com.qa.DPS.Tests.LoginpageTest.VerifyLogin(LoginpageTest.java:26)
at java.base/jdk.internal.reflect.NativeMethodAccessorImpl.invoke0(Native Method)
at java.base/jdk.internal.reflect.NativeMethodAccessorImpl.invoke(NativeMethodAccessorImpl.java:77)
at java.base/jdk.internal.reflect.DelegatingMethodAccessorImpl.invoke(DelegatingMethodAccessorImpl.java:43)
at java.base/java.lang.reflect.Method.invoke(Method.java:568)
at org.testng.internal.MethodInvocationHelper.invokeMethod(MethodInvocationHelper.java:124)
at org.testng.internal.Invoker.invokeMethod(Invoker.java:583)
at org.testng.internal.Invoker.invokeTestMethod(Invoker.java:719)
at org.testng.internal.Invoker.invokeTestMethods(Invoker.java:989)
at org.testng.internal.TestMethodWorker.invokeTestMethods(TestMethodWorker.java:125)
at org.testng.internal.TestMethodWorker.run(TestMethodWorker.java:109)
at org.testng.TestRunner.privateRun(TestRunner.java:648)
at org.testng.TestRunner.run(TestRunner.java:505)
at org.testng.SuiteRunner.runTest(SuiteRunner.java:455)
at org.testng.SuiteRunner.runSequentially(SuiteRunner.java:450)
at org.testng.SuiteRunner.privateRun(SuiteRunner.java:415)
at org.testng.SuiteRunner.run(SuiteRunner.java:364)
at org.testng.SuiteRunnerWorker.runSuite(SuiteRunnerWorker.java:52)
at org.testng.SuiteRunnerWorker.run(SuiteRunnerWorker.java:84)
at org.testng.TestNG.runSuitesSequentially(TestNG.java:1208)
at org.testng.TestNG.runSuitesLocally(TestNG.java:1137)
at org.testng.TestNG.runSuites(TestNG.java:1049)
at org.testng.TestNG.run(TestNG.java:1017)
at org.testng.remote.AbstractRemoteTestNG.run(AbstractRemoteTestNG.java:115)
at org.testng.remote.RemoteTestNG.initAndRun(RemoteTestNG.java:251)
at org.testng.remote.RemoteTestNG.main(RemoteTestNG.java:77)
Caused by: com.microsoft.playwright.TimeoutError: Error {
  message='Timeout 30000ms exceeded.
=========================== logs ===========================
waiting for locator("xpath=//h1[contains(text(),'Fisker Ocean')]")
============================================================
  name='TimeoutError
  stack='TimeoutError: Timeout 30000ms exceeded.
=========================== logs ===========================
waiting for locator("xpath=//h1[contains(text(),'Fisker Ocean')]")
============================================================
    at ProgressController.run (C:\Users\vishalku\AppData\Local\Temp\playwright-java-6347017458527687718\package\lib\server\progress.js:88:26)
    at Frame._callOnElementOnceMatches (C:\Users\vishalku\AppData\Local\Temp\playwright-java-6347017458527687718\package\lib\server\frames.js:1386:23)
    at Frame.textContent (C:\Users\vishalku\AppData\Local\Temp\playwright-java-6347017458527687718\package\lib\server\frames.js:1052:17)
    at FrameDispatcher.textContent (C:\Users\vishalku\AppData\Local\Temp\playwright-java-6347017458527687718\package\lib\server\dispatchers\frameDispatcher.js:170:37)
    at DispatcherConnection.dispatch (C:\Users\vishalku\AppData\Local\Temp\playwright-java-6347017458527687718\package\lib\server\dispatchers\dispatcher.js:312:46)
}
at com.microsoft.playwright.impl.Connection.dispatch(Connection.java:224)
at com.microsoft.playwright.impl.Connection.processOneMessage(Connection.java:206)
at com.microsoft.playwright.impl.ChannelOwner.runUntil(ChannelOwner.java:109)
... 35 more
]]>
            </full-stacktrace>
          </exception> <!-- com.microsoft.playwright.TimeoutError -->
          <reporter-output>
          </reporter-output>
        </test-method> <!-- VerifyLogin -->
        <test-method is-config="true" signature="tearDown()[pri:0, instance:com.qa.DPS.Tests.LoginpageTest@65b3a85a]" started-at="2023-03-30T17:01:23Z" name="tearDown" finished-at="2023-03-30T17:01:23Z" duration-ms="590" status="PASS">
          <reporter-output>
          </reporter-output>
        </test-method> <!-- tearDown -->
      </class> <!-- com.qa.DPS.Tests.LoginpageTest -->
    </test> <!-- Login Test -->
  </suite> <!-- Suite -->
</testng-results>
